LOG 2024/05/04
Save Path: C:\Users\875497\Documents\tempo_downloader\m4\Logs
Task Start: 2024/05/04 18:29:49
Task CommandLine: m4 https://production-trusted.s3.amazonaws.com/classes/f69e93a1-6811-41e8-a994-b030aaee8909/f69e93a1-6811-41e8-a994-b030aaee8909.m3u8 --auto-select --save-name 25mLowerBodyBuildLegs1mp4

18:29:49.343 INFO : N_m3u8DL-RE (Beta version) 20230628
18:29:49.356 EXTRA: ffmpeg => C:\ProgramData\chocolatey\bin\ffmpeg.exe
18:29:49.356 INFO : Loading URL: https://production-trusted.s3.amazonaws.com/classes/f69e93a1-6811-41e8-a994-b030aaee8909/f69e93a1-6811-41e8-a994-b030aaee8909.m3u8
18:29:49.698 INFO : Content Matched: HTTP Live Streaming
18:29:49.699 INFO : Parsing streams...
18:29:49.701 WARN : Master List detected, try parse all streams
18:29:49.708 WARN : Writing meta json
18:29:49.715 INFO : Extracted, there are 4 streams, with 3 basic streams, 1 audio streams, 0 subtitle streams
18:29:49.717 INFO : Vid 1080x1920 | 2203 Kbps | 29.97 | avc1.4d4028 | SDR
18:29:49.718 INFO : Vid 1080x1920 | 1208 Kbps | 29.97 | avc1.4d4028 | SDR
18:29:49.719 INFO : Vid 1080x1920 | 711 Kbps | 29.97 | avc1.4d4028 | SDR
18:29:49.720 INFO : Aud program_audio_0 | Alternate Audio | eng
18:29:49.722 INFO : Parsing streams...
18:29:49.911 INFO : Selected streams:
18:29:49.913 INFO : Vid 1080x1920 | 2203 Kbps | 29.97 | avc1.4d4028 | SDR | 125 Segments | ~24m53s
18:29:49.916 INFO : Aud program_audio_0 | Alternate Audio | eng | 125 Segments | ~24m53s
18:29:49.917 WARN : Writing meta json
18:29:49.924 INFO : Save Name: 25mLowerBodyBuildLegs1mp4
18:29:49.928 INFO : Start downloading...Vid 1080x1920 | 2203 Kbps | 29.97 | avc1.4d4028 | SDR
18:29:49.930 WARN : fMP4 is detected, binary merging is automatically enabled
18:29:50.144 WARN : Reading media info...
18:29:50.458 INFO : [0x1]: Video, h264 (avc1), 1080x1920
18:30:08.584 INFO : Binary merging...
18:30:09.104 INFO : Start downloading...Aud program_audio_0 | Alternate Audio | eng
18:30:09.320 WARN : Reading media info...
18:30:09.514 INFO : [0x1]: Audio, aac (mp4a)
18:30:11.774 INFO : Binary merging...
18:30:11.831 INFO : Done
