LOG 2024/05/04
Save Path: C:\Users\875497\Documents\tempo_downloader\m4\Logs
Task Start: 2024/05/04 17:23:57
Task CommandLine: m4 https://production-trusted.s3.amazonaws.com/classes/f3b67a43-2760-4d41-896d-4194e0032287/f3b67a43-2760-4d41-896d-4194e0032287.m3u8 --auto-select --save-name 25mUpperBodyBuildBackatitmp4

17:23:57.741 INFO : N_m3u8DL-RE (Beta version) 20230628
17:23:57.752 EXTRA: ffmpeg => C:\ProgramData\chocolatey\bin\ffmpeg.exe
17:23:57.752 INFO : Loading URL: https://production-trusted.s3.amazonaws.com/classes/f3b67a43-2760-4d41-896d-4194e0032287/f3b67a43-2760-4d41-896d-4194e0032287.m3u8
17:23:58.102 INFO : Content Matched: HTTP Live Streaming
17:23:58.103 INFO : Parsing streams...
17:23:58.103 WARN : Master List detected, try parse all streams
17:23:58.105 WARN : Writing meta json
17:23:58.106 INFO : Extracted, there are 4 streams, with 3 basic streams, 1 audio streams, 0 subtitle streams
17:23:58.107 INFO : Vid 2160x3840 | 2207 Kbps | 29.97 | avc1.4d4033 | SDR
17:23:58.107 INFO : Vid 2160x3840 | 1210 Kbps | 29.97 | avc1.4d4033 | SDR
17:23:58.108 INFO : Vid 2160x3840 | 712 Kbps | 29.97 | avc1.4d4033 | SDR
17:23:58.109 INFO : Aud program_audio_0 | Alternate Audio | eng
17:23:58.110 INFO : Parsing streams...
17:23:58.296 INFO : Selected streams:
17:23:58.297 INFO : Vid 2160x3840 | 2207 Kbps | 29.97 | avc1.4d4033 | SDR | 117 Segments | ~23m22s
17:23:58.298 INFO : Aud program_audio_0 | Alternate Audio | eng | 117 Segments | ~23m22s
17:23:58.298 WARN : Writing meta json
17:23:58.309 INFO : Save Name: 25mUpperBodyBuildBackatitmp4
17:23:58.310 INFO : Start downloading...Vid 2160x3840 | 2207 Kbps | 29.97 | avc1.4d4033 | SDR
17:23:58.310 WARN : fMP4 is detected, binary merging is automatically enabled
17:23:58.312 WARN : Reading media info...
17:23:58.415 INFO : [0x1]: Video, h264 (avc1), 2160x3840
17:24:18.491 INFO : Binary merging...
17:24:18.699 INFO : Start downloading...Aud program_audio_0 | Alternate Audio | eng
17:24:18.869 WARN : Reading media info...
17:24:18.975 INFO : [0x1]: Audio, aac (mp4a)
17:24:21.800 INFO : Binary merging...
17:24:21.865 INFO : Done
