LOG 2024/05/04
Save Path: C:\Users\875497\Documents\tempo_downloader\m4\Logs
Task Start: 2024/05/04 18:42:27
Task CommandLine: m4 https://production-trusted.s3.amazonaws.com/classes/6c0a82bb-b5a2-4b70-b516-f14c4c5f317a/6c0a82bb-b5a2-4b70-b516-f14c4c5f317a.m3u8 --auto-select --save-name 25mUpperBodyBuildPush1mp4

18:42:27.913 INFO : N_m3u8DL-RE (Beta version) 20230628
18:42:27.926 EXTRA: ffmpeg => C:\ProgramData\chocolatey\bin\ffmpeg.exe
18:42:27.927 INFO : Loading URL: https://production-trusted.s3.amazonaws.com/classes/6c0a82bb-b5a2-4b70-b516-f14c4c5f317a/6c0a82bb-b5a2-4b70-b516-f14c4c5f317a.m3u8
18:42:28.269 INFO : Content Matched: HTTP Live Streaming
18:42:28.270 INFO : Parsing streams...
18:42:28.270 WARN : Master List detected, try parse all streams
18:42:28.273 WARN : Writing meta json
18:42:28.275 INFO : Extracted, there are 4 streams, with 3 basic streams, 1 audio streams, 0 subtitle streams
18:42:28.276 INFO : Vid 1080x1920 | 2203 Kbps | 29.97 | avc1.4d4028 | SDR
18:42:28.278 INFO : Vid 1080x1920 | 1208 Kbps | 29.97 | avc1.4d4028 | SDR
18:42:28.281 INFO : Vid 1080x1920 | 711 Kbps | 29.97 | avc1.4d4028 | SDR
18:42:28.283 INFO : Aud program_audio_0 | Alternate Audio | eng
18:42:28.283 INFO : Parsing streams...
18:42:28.483 INFO : Selected streams:
18:42:28.489 INFO : Vid 1080x1920 | 2203 Kbps | 29.97 | avc1.4d4028 | SDR | 124 Segments | ~24m50s
18:42:28.490 INFO : Aud program_audio_0 | Alternate Audio | eng | 124 Segments | ~24m50s
18:42:28.491 WARN : Writing meta json
18:42:28.495 INFO : Save Name: 25mUpperBodyBuildPush1mp4
18:42:28.500 INFO : Start downloading...Vid 1080x1920 | 2203 Kbps | 29.97 | avc1.4d4028 | SDR
18:42:28.502 WARN : fMP4 is detected, binary merging is automatically enabled
18:42:28.754 WARN : Reading media info...
18:42:28.911 INFO : [0x1]: Video, h264 (avc1), 1080x1920
18:42:50.407 INFO : Binary merging...
18:42:50.828 INFO : Start downloading...Aud program_audio_0 | Alternate Audio | eng
18:42:51.087 WARN : Reading media info...
18:42:51.351 INFO : [0x1]: Audio, aac (mp4a)
18:42:54.491 INFO : Binary merging...
18:42:54.732 INFO : Done
