LOG 2024/05/04
Save Path: C:\Users\875497\Documents\tempo_downloader\m4\Logs
Task Start: 2024/05/04 18:44:03
Task CommandLine: m4 https://production-trusted.s3.amazonaws.com/classes/6fe18a3f-f141-4fa8-9378-eccbe953bd3e/6fe18a3f-f141-4fa8-9378-eccbe953bd3e.m3u8 --auto-select --save-name 10mFullBodyStretchBeLikeGumbymp4

18:44:03.256 INFO : N_m3u8DL-RE (Beta version) 20230628
18:44:03.268 EXTRA: ffmpeg => C:\ProgramData\chocolatey\bin\ffmpeg.exe
18:44:03.268 INFO : Loading URL: https://production-trusted.s3.amazonaws.com/classes/6fe18a3f-f141-4fa8-9378-eccbe953bd3e/6fe18a3f-f141-4fa8-9378-eccbe953bd3e.m3u8
18:44:03.702 INFO : Content Matched: HTTP Live Streaming
18:44:03.705 INFO : Parsing streams...
18:44:03.707 WARN : Master List detected, try parse all streams
18:44:03.716 WARN : Writing meta json
18:44:03.723 INFO : Extracted, there are 4 streams, with 3 basic streams, 1 audio streams, 0 subtitle streams
18:44:03.726 INFO : Vid 1080x1920 | 2194 Kbps | 29.97 | avc1.4d4028 | SDR
18:44:03.729 INFO : Vid 1080x1920 | 1204 Kbps | 29.97 | avc1.4d4028 | SDR
18:44:03.732 INFO : Vid 1080x1920 | 709 Kbps | 29.97 | avc1.4d4028 | SDR
18:44:03.735 INFO : Aud program_audio_0 | Alternate Audio | eng
18:44:03.738 INFO : Parsing streams...
18:44:03.952 INFO : Selected streams:
18:44:03.953 INFO : Vid 1080x1920 | 2194 Kbps | 29.97 | avc1.4d4028 | SDR | 50 Segments | ~09m51s
18:44:03.955 INFO : Aud program_audio_0 | Alternate Audio | eng | 50 Segments | ~09m52s
18:44:03.957 WARN : Writing meta json
18:44:03.961 INFO : Save Name: 10mFullBodyStretchBeLikeGumbymp4
18:44:03.965 INFO : Start downloading...Vid 1080x1920 | 2194 Kbps | 29.97 | avc1.4d4028 | SDR
18:44:03.967 WARN : fMP4 is detected, binary merging is automatically enabled
18:44:04.154 WARN : Reading media info...
18:44:04.281 INFO : [0x1]: Video, h264 (avc1), 1080x1920
18:44:12.377 INFO : Binary merging...
18:44:12.525 INFO : Start downloading...Aud program_audio_0 | Alternate Audio | eng
18:44:12.724 WARN : Reading media info...
18:44:12.984 INFO : [0x1]: Audio, aac (mp4a)
18:44:14.286 INFO : Binary merging...
18:44:14.346 INFO : Done
