LOG 2024/05/04
Save Path: C:\Users\875497\Documents\tempo_downloader\m4\Logs
Task Start: 2024/05/04 17:24:40
Task CommandLine: m4 https://production-trusted.s3.amazonaws.com/classes/41d0e1de-df89-4584-87dc-1ecfc15e3f73/41d0e1de-df89-4584-87dc-1ecfc15e3f73.m3u8 --auto-select --save-name 25mLowerBodyBuildGluteGainsmp4

17:24:40.210 INFO : N_m3u8DL-RE (Beta version) 20230628
17:24:40.221 EXTRA: ffmpeg => C:\ProgramData\chocolatey\bin\ffmpeg.exe
17:24:40.221 INFO : Loading URL: https://production-trusted.s3.amazonaws.com/classes/41d0e1de-df89-4584-87dc-1ecfc15e3f73/41d0e1de-df89-4584-87dc-1ecfc15e3f73.m3u8
17:24:40.550 INFO : Content Matched: HTTP Live Streaming
17:24:40.551 INFO : Parsing streams...
17:24:40.552 WARN : Master List detected, try parse all streams
17:24:40.554 WARN : Writing meta json
17:24:40.554 INFO : Extracted, there are 4 streams, with 3 basic streams, 1 audio streams, 0 subtitle streams
17:24:40.555 INFO : Vid 1080x1920 | 2203 Kbps | 29.97 | avc1.4d4028 | SDR
17:24:40.556 INFO : Vid 1080x1920 | 1208 Kbps | 29.97 | avc1.4d4028 | SDR
17:24:40.556 INFO : Vid 1080x1920 | 711 Kbps | 29.97 | avc1.4d4028 | SDR
17:24:40.557 INFO : Aud program_audio_0 | Alternate Audio | eng
17:24:40.558 INFO : Parsing streams...
17:24:40.723 INFO : Selected streams:
17:24:40.725 INFO : Vid 1080x1920 | 2203 Kbps | 29.97 | avc1.4d4028 | SDR | 125 Segments | ~25m00s
17:24:40.726 INFO : Aud program_audio_0 | Alternate Audio | eng | 125 Segments | ~25m00s
17:24:40.726 WARN : Writing meta json
17:24:40.727 INFO : Save Name: 25mLowerBodyBuildGluteGainsmp4
17:24:40.728 INFO : Start downloading...Vid 1080x1920 | 2203 Kbps | 29.97 | avc1.4d4028 | SDR
17:24:40.729 WARN : fMP4 is detected, binary merging is automatically enabled
17:24:40.730 WARN : Reading media info...
17:24:40.838 INFO : [0x1]: Video, h264 (avc1), 1080x1920
17:24:55.416 INFO : Binary merging...
17:24:55.668 INFO : Start downloading...Aud program_audio_0 | Alternate Audio | eng
17:24:55.893 WARN : Reading media info...
17:24:56.039 INFO : [0x1]: Audio, aac (mp4a)
17:24:58.433 INFO : Binary merging...
17:24:58.493 INFO : Done
