LOG 2024/05/04
Save Path: C:\Users\875497\Documents\tempo_downloader\m4\Logs
Task Start: 2024/05/04 18:38:38
Task CommandLine: m4 https://production-trusted.s3.amazonaws.com/classes/9afce1a4-4c12-4c36-9b69-c4e95240e528/9afce1a4-4c12-4c36-9b69-c4e95240e528.m3u8 --auto-select --save-name 30mUpperBodyBuildShouldersBicepsBackOhMymp4

18:38:38.953 INFO : N_m3u8DL-RE (Beta version) 20230628
18:38:38.963 EXTRA: ffmpeg => C:\ProgramData\chocolatey\bin\ffmpeg.exe
18:38:38.963 INFO : Loading URL: https://production-trusted.s3.amazonaws.com/classes/9afce1a4-4c12-4c36-9b69-c4e95240e528/9afce1a4-4c12-4c36-9b69-c4e95240e528.m3u8
18:38:39.325 INFO : Content Matched: HTTP Live Streaming
18:38:39.327 INFO : Parsing streams...
18:38:39.329 WARN : Master List detected, try parse all streams
18:38:39.337 WARN : Writing meta json
18:38:39.344 INFO : Extracted, there are 4 streams, with 3 basic streams, 1 audio streams, 0 subtitle streams
18:38:39.346 INFO : Vid 1080x1920 | 2214 Kbps | 30 | avc1.4d4028 | SDR
18:38:39.348 INFO : Vid 1080x1920 | 1214 Kbps | 30 | avc1.4d4028 | SDR
18:38:39.351 INFO : Vid 1080x1920 | 714 Kbps | 30 | avc1.4d4028 | SDR
18:38:39.354 INFO : Aud program_audio_0 | Alternate Audio | und
18:38:39.357 INFO : Parsing streams...
18:38:39.658 INFO : Selected streams:
18:38:39.661 INFO : Vid 1080x1920 | 2214 Kbps | 30 | avc1.4d4028 | SDR | 225 Segments | ~44m49s
18:38:39.663 INFO : Aud program_audio_0 | Alternate Audio | und | 225 Segments | ~44m49s
18:38:39.665 WARN : Writing meta json
18:38:39.684 INFO : Save Name: 30mUpperBodyBuildShouldersBicepsBackOhMymp4
18:38:39.691 INFO : Start downloading...Vid 1080x1920 | 2214 Kbps | 30 | avc1.4d4028 | SDR
18:38:39.695 WARN : fMP4 is detected, binary merging is automatically enabled
18:38:39.962 WARN : Reading media info...
18:38:40.077 INFO : [0x1]: Video, h264 (avc1), 1080x1920
18:39:17.129 WARN : 30mUpperBodyBuildShouldersBicepsBackOhMymp4.mp4 => 30mUpperBodyBuildShouldersBicepsBackOhMymp4.copy.mp4
18:39:17.134 INFO : Binary merging...
18:39:17.697 INFO : Start downloading...Aud program_audio_0 | Alternate Audio | und
18:39:17.835 WARN : Reading media info...
18:39:18.000 INFO : [0x1]: Audio, aac (mp4a)
18:39:22.171 WARN : 30mUpperBodyBuildShouldersBicepsBackOhMymp4.und.m4a => 30mUpperBodyBuildShouldersBicepsBackOhMymp4.und.copy.m4a
18:39:22.175 INFO : Binary merging...
18:39:22.344 INFO : Done
