LOG 2024/05/04
Save Path: C:\Users\875497\Documents\tempo_downloader\m4\Logs
Task Start: 2024/05/04 18:12:59
Task CommandLine: m4 https://production-trusted.s3.amazonaws.com/classes/07082cbf-cc17-4e6c-99cd-64407649f84c/07082cbf-cc17-4e6c-99cd-64407649f84c.m3u8 --auto-select --save-name 30mUpperBodyBuildStrengthandPowermp4

18:12:59.976 INFO : N_m3u8DL-RE (Beta version) 20230628
18:12:59.986 EXTRA: ffmpeg => C:\ProgramData\chocolatey\bin\ffmpeg.exe
18:12:59.987 INFO : Loading URL: https://production-trusted.s3.amazonaws.com/classes/07082cbf-cc17-4e6c-99cd-64407649f84c/07082cbf-cc17-4e6c-99cd-64407649f84c.m3u8
18:13:00.385 INFO : Content Matched: HTTP Live Streaming
18:13:00.386 INFO : Parsing streams...
18:13:00.386 WARN : Master List detected, try parse all streams
18:13:00.389 WARN : Writing meta json
18:13:00.391 INFO : Extracted, there are 4 streams, with 3 basic streams, 1 audio streams, 0 subtitle streams
18:13:00.391 INFO : Vid 1080x1920 | 2216 Kbps | 29.97 | avc1.4d4028 | SDR
18:13:00.392 INFO : Vid 1080x1920 | 1215 Kbps | 29.97 | avc1.4d4028 | SDR
18:13:00.393 INFO : Vid 1080x1920 | 714 Kbps | 29.97 | avc1.4d4028 | SDR
18:13:00.393 INFO : Aud program_audio_0 | Alternate Audio | eng
18:13:00.394 INFO : Parsing streams...
18:13:00.609 INFO : Selected streams:
18:13:00.610 INFO : Vid 1080x1920 | 2216 Kbps | 29.97 | avc1.4d4028 | SDR | 162 Segments | ~32m20s
18:13:00.611 INFO : Aud program_audio_0 | Alternate Audio | eng | 162 Segments | ~32m20s
18:13:00.611 WARN : Writing meta json
18:13:00.614 INFO : Save Name: 30mUpperBodyBuildStrengthandPowermp4
18:13:00.615 INFO : Start downloading...Vid 1080x1920 | 2216 Kbps | 29.97 | avc1.4d4028 | SDR
18:13:00.616 WARN : fMP4 is detected, binary merging is automatically enabled
18:13:00.781 WARN : Reading media info...
18:13:00.892 INFO : [0x1]: Video, h264 (avc1), 1080x1920
18:13:28.048 INFO : Binary merging...
18:13:28.596 INFO : Start downloading...Aud program_audio_0 | Alternate Audio | eng
18:13:28.756 WARN : Reading media info...
18:13:28.855 INFO : [0x1]: Audio, aac (mp4a)
18:13:31.864 INFO : Binary merging...
18:13:31.967 INFO : Done
