LOG 2024/05/04
Save Path: C:\Users\875497\Documents\tempo_downloader\m4\Logs
Task Start: 2024/05/04 18:46:30
Task CommandLine: m4 https://production-trusted.s3.amazonaws.com/classes/92d3f1bb-17bd-4593-9170-8dc7dbafd1f6/92d3f1bb-17bd-4593-9170-8dc7dbafd1f6.m3u8 --auto-select --save-name 40mLowerBodyweightStrengthInnerStrengthmp4

18:46:30.197 INFO : N_m3u8DL-RE (Beta version) 20230628
18:46:30.207 EXTRA: ffmpeg => C:\ProgramData\chocolatey\bin\ffmpeg.exe
18:46:30.207 INFO : Loading URL: https://production-trusted.s3.amazonaws.com/classes/92d3f1bb-17bd-4593-9170-8dc7dbafd1f6/92d3f1bb-17bd-4593-9170-8dc7dbafd1f6.m3u8
18:46:30.630 INFO : Content Matched: HTTP Live Streaming
18:46:30.632 INFO : Parsing streams...
18:46:30.634 WARN : Master List detected, try parse all streams
18:46:30.641 WARN : Writing meta json
18:46:30.647 INFO : Extracted, there are 4 streams, with 3 basic streams, 1 audio streams, 0 subtitle streams
18:46:30.651 INFO : Vid 1080x1920 | 2214 Kbps | 30 | avc1.4d4028 | SDR
18:46:30.654 INFO : Vid 1080x1920 | 1214 Kbps | 30 | avc1.4d4028 | SDR
18:46:30.657 INFO : Vid 1080x1920 | 714 Kbps | 30 | avc1.4d4028 | SDR
18:46:30.659 INFO : Aud program_audio_0 | Alternate Audio | und
18:46:30.662 INFO : Parsing streams...
18:46:30.964 INFO : Selected streams:
18:46:30.972 INFO : Vid 1080x1920 | 2214 Kbps | 30 | avc1.4d4028 | SDR | 267 Segments | ~53m13s
18:46:30.976 INFO : Aud program_audio_0 | Alternate Audio | und | 267 Segments | ~53m13s
18:46:30.991 WARN : Writing meta json
18:46:31.020 INFO : Save Name: 40mLowerBodyweightStrengthInnerStrengthmp4
18:46:31.054 INFO : Start downloading...Vid 1080x1920 | 2214 Kbps | 30 | avc1.4d4028 | SDR
18:46:31.069 WARN : fMP4 is detected, binary merging is automatically enabled
18:46:31.269 WARN : Reading media info...
18:46:31.482 INFO : [0x1]: Video, h264 (avc1), 1080x1920
18:48:52.778 INFO : Binary merging...
18:48:53.495 INFO : Start downloading...Aud program_audio_0 | Alternate Audio | und
18:48:53.691 WARN : Reading media info...
18:48:53.800 INFO : [0x1]: Audio, aac (mp4a)
18:49:09.893 INFO : Binary merging...
18:49:10.011 INFO : Done
