LOG 2024/05/04
Save Path: C:\Users\875497\Documents\tempo_downloader\m4\Logs
Task Start: 2024/05/04 17:34:48
Task CommandLine: m4 https://production-trusted.s3.amazonaws.com/classes/29ab891b-bebb-422d-974a-c1d0849a33d4/29ab891b-bebb-422d-974a-c1d0849a33d4.m3u8 --auto-select --save-name 25mUpperBodyBuildPush2mp4

17:34:48.658 INFO : N_m3u8DL-RE (Beta version) 20230628
17:34:48.669 EXTRA: ffmpeg => C:\ProgramData\chocolatey\bin\ffmpeg.exe
17:34:48.669 INFO : Loading URL: https://production-trusted.s3.amazonaws.com/classes/29ab891b-bebb-422d-974a-c1d0849a33d4/29ab891b-bebb-422d-974a-c1d0849a33d4.m3u8
17:34:49.036 INFO : Content Matched: HTTP Live Streaming
17:34:49.038 INFO : Parsing streams...
17:34:49.038 WARN : Master List detected, try parse all streams
17:34:49.042 WARN : Writing meta json
17:34:49.043 INFO : Extracted, there are 4 streams, with 3 basic streams, 1 audio streams, 0 subtitle streams
17:34:49.044 INFO : Vid 1080x1920 | 2204 Kbps | 29.97 | avc1.4d4028 | SDR
17:34:49.044 INFO : Vid 1080x1920 | 1209 Kbps | 29.97 | avc1.4d4028 | SDR
17:34:49.045 INFO : Vid 1080x1920 | 711 Kbps | 29.97 | avc1.4d4028 | SDR
17:34:49.046 INFO : Aud program_audio_0 | Alternate Audio | eng
17:34:49.047 INFO : Parsing streams...
17:34:49.269 INFO : Selected streams:
17:34:49.270 INFO : Vid 1080x1920 | 2204 Kbps | 29.97 | avc1.4d4028 | SDR | 123 Segments | ~24m34s
17:34:49.272 INFO : Aud program_audio_0 | Alternate Audio | eng | 123 Segments | ~24m34s
17:34:49.274 WARN : Writing meta json
17:34:49.285 INFO : Save Name: 25mUpperBodyBuildPush2mp4
17:34:49.288 INFO : Start downloading...Vid 1080x1920 | 2204 Kbps | 29.97 | avc1.4d4028 | SDR
17:34:49.290 WARN : fMP4 is detected, binary merging is automatically enabled
17:34:49.508 WARN : Reading media info...
17:34:49.626 INFO : [0x1]: Video, h264 (avc1), 1080x1920
17:35:14.284 INFO : Binary merging...
17:35:14.600 INFO : Start downloading...Aud program_audio_0 | Alternate Audio | eng
17:35:14.794 WARN : Reading media info...
17:35:14.902 INFO : [0x1]: Audio, aac (mp4a)
17:35:17.282 INFO : Binary merging...
17:35:17.355 INFO : Done
