LOG 2024/05/04
Save Path: C:\Users\875497\Documents\tempo_downloader\m4\Logs
Task Start: 2024/05/04 17:46:11
Task CommandLine: C:\Users\875497\Documents\tempo_downloader\m4\m4.exe https://production-trusted.s3.amazonaws.com/classes/198a7bf2-bb1f-4d5a-a572-8bab1afa944d/198a7bf2-bb1f-4d5a-a572-8bab1afa944d.m3u8 --auto-select --save-name temp.mp4

17:46:11.187 INFO : N_m3u8DL-RE (Beta version) 20230628
17:46:11.199 EXTRA: ffmpeg => C:\ProgramData\chocolatey\bin\ffmpeg.exe
17:46:11.199 INFO : Loading URL: https://production-trusted.s3.amazonaws.com/classes/198a7bf2-bb1f-4d5a-a572-8bab1afa944d/198a7bf2-bb1f-4d5a-a572-8bab1afa944d.m3u8
17:46:11.573 INFO : Content Matched: HTTP Live Streaming
17:46:11.574 INFO : Parsing streams...
17:46:11.575 WARN : Master List detected, try parse all streams
17:46:11.579 WARN : Writing meta json
17:46:11.581 INFO : Extracted, there are 4 streams, with 3 basic streams, 1 audio streams, 0 subtitle streams
17:46:11.584 INFO : Vid 2160x3840 | 2200 Kbps | 29.97 | avc1.4d4033 | SDR
17:46:11.585 INFO : Vid 2160x3840 | 1206 Kbps | 29.97 | avc1.4d4033 | SDR
17:46:11.586 INFO : Vid 2160x3840 | 710 Kbps | 29.97 | avc1.4d4033 | SDR
17:46:11.587 INFO : Aud program_audio_0 | Alternate Audio | eng
17:46:11.588 INFO : Parsing streams...
17:46:11.762 INFO : Selected streams:
17:46:11.763 INFO : Vid 2160x3840 | 2200 Kbps | 29.97 | avc1.4d4033 | SDR | 54 Segments | ~10m39s
17:46:11.764 INFO : Aud program_audio_0 | Alternate Audio | eng | 54 Segments | ~10m39s
17:46:11.765 WARN : Writing meta json
17:46:11.766 INFO : Save Name: temp.mp4
17:46:11.769 INFO : Start downloading...Vid 2160x3840 | 2200 Kbps | 29.97 | avc1.4d4033 | SDR
17:46:11.769 WARN : fMP4 is detected, binary merging is automatically enabled
17:46:11.935 WARN : Reading media info...
17:46:12.118 INFO : [0x1]: Video, h264 (avc1), 2160x3840
17:46:20.762 INFO : Binary merging...
17:46:20.933 INFO : Start downloading...Aud program_audio_0 | Alternate Audio | eng
17:46:21.070 WARN : Reading media info...
17:46:21.188 INFO : [0x1]: Audio, aac (mp4a)
17:46:22.578 INFO : Binary merging...
17:46:22.595 INFO : Done
