LOG 2024/05/04
Save Path: C:\Users\875497\Documents\tempo_downloader\m4\Logs
Task Start: 2024/05/04 18:59:59
Task CommandLine: m4 https://production-trusted.s3.amazonaws.com/classes/9c04ca65-844f-43e4-ad45-d816e21a323e/9c04ca65-844f-43e4-ad45-d816e21a323e.m3u8 --auto-select --save-name 35mUpperBodyBuildTricepTrophiesmp4

18:59:59.044 INFO : N_m3u8DL-RE (Beta version) 20230628
18:59:59.057 EXTRA: ffmpeg => C:\ProgramData\chocolatey\bin\ffmpeg.exe
18:59:59.057 INFO : Loading URL: https://production-trusted.s3.amazonaws.com/classes/9c04ca65-844f-43e4-ad45-d816e21a323e/9c04ca65-844f-43e4-ad45-d816e21a323e.m3u8
18:59:59.573 INFO : Content Matched: HTTP Live Streaming
18:59:59.574 INFO : Parsing streams...
18:59:59.574 WARN : Master List detected, try parse all streams
18:59:59.577 WARN : Writing meta json
18:59:59.578 INFO : Extracted, there are 4 streams, with 3 basic streams, 1 audio streams, 0 subtitle streams
18:59:59.580 INFO : Vid 1080x1920 | 2216 Kbps | 29.97 | avc1.4d4028 | SDR
18:59:59.581 INFO : Vid 1080x1920 | 1215 Kbps | 29.97 | avc1.4d4028 | SDR
18:59:59.583 INFO : Vid 1080x1920 | 714 Kbps | 29.97 | avc1.4d4028 | SDR
18:59:59.585 INFO : Aud program_audio_0 | Alternate Audio | eng
18:59:59.587 INFO : Parsing streams...
18:59:59.952 INFO : Selected streams:
18:59:59.955 INFO : Vid 1080x1920 | 2216 Kbps | 29.97 | avc1.4d4028 | SDR | 175 Segments | ~34m55s
18:59:59.958 INFO : Aud program_audio_0 | Alternate Audio | eng | 175 Segments | ~34m55s
18:59:59.961 WARN : Writing meta json
18:59:59.984 INFO : Save Name: 35mUpperBodyBuildTricepTrophiesmp4
18:59:59.992 INFO : Start downloading...Vid 1080x1920 | 2216 Kbps | 29.97 | avc1.4d4028 | SDR
18:59:59.997 WARN : fMP4 is detected, binary merging is automatically enabled
19:00:00.310 WARN : Reading media info...
19:00:00.437 INFO : [0x1]: Video, h264 (avc1), 1080x1920
19:01:48.516 INFO : Binary merging...
19:01:49.737 INFO : Start downloading...Aud program_audio_0 | Alternate Audio | eng
19:01:49.940 WARN : Reading media info...
19:01:50.557 INFO : [0x1]: Audio, aac (mp4a)
19:02:06.172 INFO : Binary merging...
19:02:06.336 INFO : Done
