LOG 2024/05/04
Save Path: C:\Users\875497\Documents\tempo_downloader\m4\Logs
Task Start: 2024/05/04 17:30:22
Task CommandLine: m4 https://production-trusted.s3.amazonaws.com/classes/f5fbe13d-d177-4a32-98e2-000ba859c399/f5fbe13d-d177-4a32-98e2-000ba859c399.m3u8 --auto-select --save-name 35mLowerBodyBuildGroundedmp4

17:30:22.757 INFO : N_m3u8DL-RE (Beta version) 20230628
17:30:22.767 EXTRA: ffmpeg => C:\ProgramData\chocolatey\bin\ffmpeg.exe
17:30:22.767 INFO : Loading URL: https://production-trusted.s3.amazonaws.com/classes/f5fbe13d-d177-4a32-98e2-000ba859c399/f5fbe13d-d177-4a32-98e2-000ba859c399.m3u8
17:30:23.151 INFO : Content Matched: HTTP Live Streaming
17:30:23.152 INFO : Parsing streams...
17:30:23.153 WARN : Master List detected, try parse all streams
17:30:23.155 WARN : Writing meta json
17:30:23.158 INFO : Extracted, there are 4 streams, with 3 basic streams, 1 audio streams, 0 subtitle streams
17:30:23.159 INFO : Vid 1080x1920 | 2207 Kbps | 29.97 | avc1.4d4028 | SDR
17:30:23.159 INFO : Vid 1080x1920 | 1214 Kbps | 29.97 | avc1.4d4028 | SDR
17:30:23.160 INFO : Vid 1080x1920 | 714 Kbps | 29.97 | avc1.4d4028 | SDR
17:30:23.161 INFO : Aud program_audio_0 | Alternate Audio | eng
17:30:23.162 INFO : Parsing streams...
17:30:23.446 INFO : Selected streams:
17:30:23.448 INFO : Vid 1080x1920 | 2207 Kbps | 29.97 | avc1.4d4028 | SDR | 258 Segments | ~51m30s
17:30:23.448 INFO : Aud program_audio_0 | Alternate Audio | eng | 258 Segments | ~51m30s
17:30:23.449 WARN : Writing meta json
17:30:23.460 INFO : Save Name: 35mLowerBodyBuildGroundedmp4
17:30:23.462 INFO : Start downloading...Vid 1080x1920 | 2207 Kbps | 29.97 | avc1.4d4028 | SDR
17:30:23.463 WARN : fMP4 is detected, binary merging is automatically enabled
17:30:23.737 WARN : Reading media info...
17:30:24.183 INFO : [0x1]: Video, h264 (avc1), 1080x1920
17:31:09.288 INFO : Binary merging...
17:31:10.297 INFO : Start downloading...Aud program_audio_0 | Alternate Audio | eng
17:31:10.564 WARN : Reading media info...
17:31:10.750 INFO : [0x1]: Audio, aac (mp4a)
17:31:16.453 INFO : Binary merging...
17:31:16.609 INFO : Done
