LOG 2024/05/04
Save Path: C:\Users\875497\Documents\tempo_downloader\m4\Logs
Task Start: 2024/05/04 17:33:29
Task CommandLine: m4 https://production-trusted.s3.amazonaws.com/classes/bcacb88b-96e4-4ec8-ab54-fe36d3e9c967/bcacb88b-96e4-4ec8-ab54-fe36d3e9c967.m3u8 --auto-select --save-name 25mLowerBodyBuildLegs2mp4

17:33:29.179 INFO : N_m3u8DL-RE (Beta version) 20230628
17:33:29.190 EXTRA: ffmpeg => C:\ProgramData\chocolatey\bin\ffmpeg.exe
17:33:29.191 INFO : Loading URL: https://production-trusted.s3.amazonaws.com/classes/bcacb88b-96e4-4ec8-ab54-fe36d3e9c967/bcacb88b-96e4-4ec8-ab54-fe36d3e9c967.m3u8
17:33:29.541 INFO : Content Matched: HTTP Live Streaming
17:33:29.542 INFO : Parsing streams...
17:33:29.542 WARN : Master List detected, try parse all streams
17:33:29.544 WARN : Writing meta json
17:33:29.546 INFO : Extracted, there are 4 streams, with 3 basic streams, 1 audio streams, 0 subtitle streams
17:33:29.547 INFO : Vid 1080x1920 | 2203 Kbps | 29.97 | avc1.4d4028 | SDR
17:33:29.547 INFO : Vid 1080x1920 | 1208 Kbps | 29.97 | avc1.4d4028 | SDR
17:33:29.548 INFO : Vid 1080x1920 | 711 Kbps | 29.97 | avc1.4d4028 | SDR
17:33:29.549 INFO : Aud program_audio_0 | Alternate Audio | eng
17:33:29.550 INFO : Parsing streams...
17:33:29.765 INFO : Selected streams:
17:33:29.766 INFO : Vid 1080x1920 | 2203 Kbps | 29.97 | avc1.4d4028 | SDR | 125 Segments | ~24m52s
17:33:29.767 INFO : Aud program_audio_0 | Alternate Audio | eng | 125 Segments | ~24m52s
17:33:29.768 WARN : Writing meta json
17:33:29.778 INFO : Save Name: 25mLowerBodyBuildLegs2mp4
17:33:29.780 INFO : Start downloading...Vid 1080x1920 | 2203 Kbps | 29.97 | avc1.4d4028 | SDR
17:33:29.781 WARN : fMP4 is detected, binary merging is automatically enabled
17:33:30.009 WARN : Reading media info...
17:33:30.123 INFO : [0x1]: Video, h264 (avc1), 1080x1920
17:33:53.496 INFO : Binary merging...
17:33:53.937 INFO : Start downloading...Aud program_audio_0 | Alternate Audio | eng
17:33:54.129 WARN : Reading media info...
17:33:54.270 INFO : [0x1]: Audio, aac (mp4a)
17:33:56.713 INFO : Binary merging...
17:33:56.779 INFO : Done
