LOG 2024/05/04
Save Path: C:\Users\875497\Documents\tempo_downloader\m4\Logs
Task Start: 2024/05/04 17:23:44
Task CommandLine: m4 https://production-trusted.s3.amazonaws.com/classes/f3b67a43-2760-4d41-896d-4194e0032287/f3b67a43-2760-4d41-896d-4194e0032287.m3u8 --auto-select --save-name 25mUpperBodyBuildBackatitmp4

17:23:44.723 INFO : N_m3u8DL-RE (Beta version) 20230628
17:23:44.733 EXTRA: ffmpeg => C:\ProgramData\chocolatey\bin\ffmpeg.exe
17:23:44.733 INFO : Loading URL: https://production-trusted.s3.amazonaws.com/classes/f3b67a43-2760-4d41-896d-4194e0032287/f3b67a43-2760-4d41-896d-4194e0032287.m3u8
17:23:45.090 INFO : Content Matched: HTTP Live Streaming
17:23:45.091 INFO : Parsing streams...
17:23:45.091 WARN : Master List detected, try parse all streams
17:23:45.093 WARN : Writing meta json
17:23:45.095 INFO : Extracted, there are 4 streams, with 3 basic streams, 1 audio streams, 0 subtitle streams
17:23:45.096 INFO : Vid 2160x3840 | 2207 Kbps | 29.97 | avc1.4d4033 | SDR
17:23:45.097 INFO : Vid 2160x3840 | 1210 Kbps | 29.97 | avc1.4d4033 | SDR
17:23:45.098 INFO : Vid 2160x3840 | 712 Kbps | 29.97 | avc1.4d4033 | SDR
17:23:45.099 INFO : Aud program_audio_0 | Alternate Audio | eng
17:23:45.100 INFO : Parsing streams...
17:23:45.326 INFO : Selected streams:
17:23:45.327 INFO : Vid 2160x3840 | 2207 Kbps | 29.97 | avc1.4d4033 | SDR | 117 Segments | ~23m22s
17:23:45.328 INFO : Aud program_audio_0 | Alternate Audio | eng | 117 Segments | ~23m22s
17:23:45.329 WARN : Writing meta json
17:23:45.339 INFO : Save Name: 25mUpperBodyBuildBackatitmp4
17:23:45.341 INFO : Start downloading...Vid 2160x3840 | 2207 Kbps | 29.97 | avc1.4d4033 | SDR
17:23:45.342 WARN : fMP4 is detected, binary merging is automatically enabled
17:23:45.533 WARN : Reading media info...
17:23:45.649 INFO : [0x1]: Video, h264 (avc1), 2160x3840
17:23:45.779 WARN : Force Exit...
