LOG 2024/05/04
Save Path: C:\Users\875497\Documents\tempo_downloader\m4\Logs
Task Start: 2024/05/04 17:25:12
Task CommandLine: m4 https://production-trusted.s3.amazonaws.com/classes/3580d49b-8f26-40cf-84eb-a15b43004feb/3580d49b-8f26-40cf-84eb-a15b43004feb.m3u8 --auto-select --save-name 30mFullBodyHIITTheUpsandDownsmp4

17:25:12.599 INFO : N_m3u8DL-RE (Beta version) 20230628
17:25:12.609 EXTRA: ffmpeg => C:\ProgramData\chocolatey\bin\ffmpeg.exe
17:25:12.610 INFO : Loading URL: https://production-trusted.s3.amazonaws.com/classes/3580d49b-8f26-40cf-84eb-a15b43004feb/3580d49b-8f26-40cf-84eb-a15b43004feb.m3u8
17:25:12.994 INFO : Content Matched: HTTP Live Streaming
17:25:12.995 INFO : Parsing streams...
17:25:12.996 WARN : Master List detected, try parse all streams
17:25:12.999 WARN : Writing meta json
17:25:13.002 INFO : Extracted, there are 4 streams, with 3 basic streams, 1 audio streams, 0 subtitle streams
17:25:13.003 INFO : Vid 2160x3840 | 2215 Kbps | 29.97 | avc1.4d4033 | SDR
17:25:13.004 INFO : Vid 2160x3840 | 1215 Kbps | 29.97 | avc1.4d4033 | SDR
17:25:13.005 INFO : Vid 2160x3840 | 714 Kbps | 29.97 | avc1.4d4033 | SDR
17:25:13.006 INFO : Aud program_audio_0 | Alternate Audio | eng
17:25:13.007 INFO : Parsing streams...
17:25:13.245 INFO : Selected streams:
17:25:13.246 INFO : Vid 2160x3840 | 2215 Kbps | 29.97 | avc1.4d4033 | SDR | 156 Segments | ~31m08s
17:25:13.247 INFO : Aud program_audio_0 | Alternate Audio | eng | 156 Segments | ~31m08s
17:25:13.248 WARN : Writing meta json
17:25:13.250 INFO : Save Name: 30mFullBodyHIITTheUpsandDownsmp4
17:25:13.252 INFO : Start downloading...Vid 2160x3840 | 2215 Kbps | 29.97 | avc1.4d4033 | SDR
17:25:13.253 WARN : fMP4 is detected, binary merging is automatically enabled
17:25:13.454 WARN : Reading media info...
17:25:13.567 INFO : [0x1]: Video, h264 (avc1), 2160x3840
17:25:16.004 WARN : Force Exit...
