LOG 2024/05/04
Save Path: C:\Users\875497\Documents\tempo_downloader\m4\Logs
Task Start: 2024/05/04 17:25:17
Task CommandLine: m4 https://production-trusted.s3.amazonaws.com/classes/3580d49b-8f26-40cf-84eb-a15b43004feb/3580d49b-8f26-40cf-84eb-a15b43004feb.m3u8 --auto-select --save-name 30mFullBodyHIITTheUpsandDownsmp4

17:25:17.613 INFO : N_m3u8DL-RE (Beta version) 20230628
17:25:17.624 EXTRA: ffmpeg => C:\ProgramData\chocolatey\bin\ffmpeg.exe
17:25:17.625 INFO : Loading URL: https://production-trusted.s3.amazonaws.com/classes/3580d49b-8f26-40cf-84eb-a15b43004feb/3580d49b-8f26-40cf-84eb-a15b43004feb.m3u8
17:25:17.987 INFO : Content Matched: HTTP Live Streaming
17:25:17.989 INFO : Parsing streams...
17:25:17.990 WARN : Master List detected, try parse all streams
17:25:17.993 WARN : Writing meta json
17:25:17.994 INFO : Extracted, there are 4 streams, with 3 basic streams, 1 audio streams, 0 subtitle streams
17:25:17.995 INFO : Vid 2160x3840 | 2215 Kbps | 29.97 | avc1.4d4033 | SDR
17:25:17.996 INFO : Vid 2160x3840 | 1215 Kbps | 29.97 | avc1.4d4033 | SDR
17:25:17.997 INFO : Vid 2160x3840 | 714 Kbps | 29.97 | avc1.4d4033 | SDR
17:25:17.998 INFO : Aud program_audio_0 | Alternate Audio | eng
17:25:17.999 INFO : Parsing streams...
17:25:18.216 INFO : Selected streams:
17:25:18.217 INFO : Vid 2160x3840 | 2215 Kbps | 29.97 | avc1.4d4033 | SDR | 156 Segments | ~31m08s
17:25:18.218 INFO : Aud program_audio_0 | Alternate Audio | eng | 156 Segments | ~31m08s
17:25:18.218 WARN : Writing meta json
17:25:18.219 INFO : Save Name: 30mFullBodyHIITTheUpsandDownsmp4
17:25:18.220 INFO : Start downloading...Vid 2160x3840 | 2215 Kbps | 29.97 | avc1.4d4033 | SDR
17:25:18.221 WARN : fMP4 is detected, binary merging is automatically enabled
17:25:18.222 WARN : Reading media info...
17:25:18.287 INFO : [0x1]: Video, h264 (avc1), 2160x3840
17:25:40.959 INFO : Binary merging...
17:25:41.421 INFO : Start downloading...Aud program_audio_0 | Alternate Audio | eng
17:25:41.582 WARN : Reading media info...
17:25:41.698 INFO : [0x1]: Audio, aac (mp4a)
17:25:44.574 INFO : Binary merging...
17:25:44.642 INFO : Done
