LOG 2024/05/04
Save Path: C:\Users\875497\Documents\tempo_downloader\m4\Logs
Task Start: 2024/05/04 17:57:26
Task CommandLine: m4 https://production-trusted.s3.amazonaws.com/classes/3a73c6b6-f1ef-436e-a292-0a67ea113683/3a73c6b6-f1ef-436e-a292-0a67ea113683.m3u8 --auto-select --save-name 35mUpperBodyBuildBicepBackStrengthmp4

17:57:26.872 INFO : N_m3u8DL-RE (Beta version) 20230628
17:57:26.882 EXTRA: ffmpeg => C:\ProgramData\chocolatey\bin\ffmpeg.exe
17:57:26.882 INFO : Loading URL: https://production-trusted.s3.amazonaws.com/classes/3a73c6b6-f1ef-436e-a292-0a67ea113683/3a73c6b6-f1ef-436e-a292-0a67ea113683.m3u8
17:57:27.257 INFO : Content Matched: HTTP Live Streaming
17:57:27.258 INFO : Parsing streams...
17:57:27.259 WARN : Master List detected, try parse all streams
17:57:27.263 WARN : Writing meta json
17:57:27.270 INFO : Extracted, there are 4 streams, with 3 basic streams, 1 audio streams, 0 subtitle streams
17:57:27.271 INFO : Vid 1080x1920 | 2216 Kbps | 29.97 | avc1.4d4028 | SDR
17:57:27.272 INFO : Vid 1080x1920 | 1215 Kbps | 29.97 | avc1.4d4028 | SDR
17:57:27.273 INFO : Vid 1080x1920 | 714 Kbps | 29.97 | avc1.4d4028 | SDR
17:57:27.273 INFO : Aud program_audio_0 | Alternate Audio | eng
17:57:27.274 INFO : Parsing streams...
17:57:27.487 INFO : Selected streams:
17:57:27.488 INFO : Vid 1080x1920 | 2216 Kbps | 29.97 | avc1.4d4028 | SDR | 168 Segments | ~33m27s
17:57:27.489 INFO : Aud program_audio_0 | Alternate Audio | eng | 168 Segments | ~33m27s
17:57:27.490 WARN : Writing meta json
17:57:27.497 INFO : Save Name: 35mUpperBodyBuildBicepBackStrengthmp4
17:57:27.500 INFO : Start downloading...Vid 1080x1920 | 2216 Kbps | 29.97 | avc1.4d4028 | SDR
17:57:27.501 WARN : fMP4 is detected, binary merging is automatically enabled
17:57:27.746 WARN : Reading media info...
17:57:27.847 INFO : [0x1]: Video, h264 (avc1), 1080x1920
17:57:56.614 WARN : 35mUpperBodyBuildBicepBackStrengthmp4.mp4 => 35mUpperBodyBuildBicepBackStrengthmp4.copy.mp4
17:57:56.616 WARN : 35mUpperBodyBuildBicepBackStrengthmp4.copy.mp4 => 35mUpperBodyBuildBicepBackStrengthmp4.copy.copy.mp4
17:57:56.618 INFO : Binary merging...
17:57:56.959 INFO : Start downloading...Aud program_audio_0 | Alternate Audio | eng
17:57:57.092 WARN : Reading media info...
17:57:57.218 INFO : [0x1]: Audio, aac (mp4a)
17:58:00.296 WARN : 35mUpperBodyBuildBicepBackStrengthmp4.eng.m4a => 35mUpperBodyBuildBicepBackStrengthmp4.eng.copy.m4a
17:58:00.300 WARN : 35mUpperBodyBuildBicepBackStrengthmp4.eng.copy.m4a => 35mUpperBodyBuildBicepBackStrengthmp4.eng.copy.copy.m4a
17:58:00.302 INFO : Binary merging...
17:58:00.373 INFO : Done
