LOG 2024/05/04
Save Path: C:\Users\875497\Documents\tempo_downloader\m4\Logs
Task Start: 2024/05/04 17:18:57
Task CommandLine: m4 https://production-trusted.s3.amazonaws.com/classes/198a7bf2-bb1f-4d5a-a572-8bab1afa944d/198a7bf2-bb1f-4d5a-a572-8bab1afa944d.m3u8 --auto-select --save-name 10mCoreStrengthStabilityPowermp4

17:18:57.715 INFO : N_m3u8DL-RE (Beta version) 20230628
17:18:57.726 EXTRA: ffmpeg => C:\ProgramData\chocolatey\bin\ffmpeg.exe
17:18:57.726 INFO : Loading URL: https://production-trusted.s3.amazonaws.com/classes/198a7bf2-bb1f-4d5a-a572-8bab1afa944d/198a7bf2-bb1f-4d5a-a572-8bab1afa944d.m3u8
17:18:58.078 INFO : Content Matched: HTTP Live Streaming
17:18:58.079 INFO : Parsing streams...
17:18:58.079 WARN : Master List detected, try parse all streams
17:18:58.081 WARN : Writing meta json
17:18:58.082 INFO : Extracted, there are 4 streams, with 3 basic streams, 1 audio streams, 0 subtitle streams
17:18:58.083 INFO : Vid 2160x3840 | 2200 Kbps | 29.97 | avc1.4d4033 | SDR
17:18:58.083 INFO : Vid 2160x3840 | 1206 Kbps | 29.97 | avc1.4d4033 | SDR
17:18:58.084 INFO : Vid 2160x3840 | 710 Kbps | 29.97 | avc1.4d4033 | SDR
17:18:58.085 INFO : Aud program_audio_0 | Alternate Audio | eng
17:18:58.085 INFO : Parsing streams...
17:18:58.276 INFO : Selected streams:
17:18:58.278 INFO : Vid 2160x3840 | 2200 Kbps | 29.97 | avc1.4d4033 | SDR | 54 Segments | ~10m39s
17:18:58.278 INFO : Aud program_audio_0 | Alternate Audio | eng | 54 Segments | ~10m39s
17:18:58.279 WARN : Writing meta json
17:18:58.289 INFO : Save Name: 10mCoreStrengthStabilityPowermp4
17:18:58.291 INFO : Start downloading...Vid 2160x3840 | 2200 Kbps | 29.97 | avc1.4d4033 | SDR
17:18:58.291 WARN : fMP4 is detected, binary merging is automatically enabled
17:18:58.411 WARN : Reading media info...
17:18:58.471 INFO : [0x1]: Video, h264 (avc1), 2160x3840
17:19:09.457 WARN : 10mCoreStrengthStabilityPowermp4.mp4 => 10mCoreStrengthStabilityPowermp4.copy.mp4
17:19:09.459 WARN : 10mCoreStrengthStabilityPowermp4.copy.mp4 => 10mCoreStrengthStabilityPowermp4.copy.copy.mp4
17:19:09.460 INFO : Binary merging...
17:19:09.566 INFO : Start downloading...Aud program_audio_0 | Alternate Audio | eng
17:19:09.669 WARN : Reading media info...
17:19:09.777 INFO : [0x1]: Audio, aac (mp4a)
17:19:10.863 WARN : 10mCoreStrengthStabilityPowermp4.eng.m4a => 10mCoreStrengthStabilityPowermp4.eng.copy.m4a
17:19:10.864 WARN : 10mCoreStrengthStabilityPowermp4.eng.copy.m4a => 10mCoreStrengthStabilityPowermp4.eng.copy.copy.m4a
17:19:10.865 INFO : Binary merging...
17:19:10.908 INFO : Done
