LOG 2024/05/04
Save Path: C:\Users\875497\Documents\tempo_downloader\Logs
Task Start: 2024/05/04 16:05:51
Task CommandLine: m4 https://production-trusted.s3.amazonaws.com/classes/198a7bf2-bb1f-4d5a-a572-8bab1afa944d/198a7bf2-bb1f-4d5a-a572-8bab1afa944d.m3u8 --auto-select --save-name 10mCoreStrengthStabilityPowermp4

16:05:51.470 INFO : N_m3u8DL-RE (Beta version) 20230628
16:05:51.495 EXTRA: ffmpeg => C:\ProgramData\chocolatey\bin\ffmpeg.exe
16:05:51.495 INFO : Loading URL: https://production-trusted.s3.amazonaws.com/classes/198a7bf2-bb1f-4d5a-a572-8bab1afa944d/198a7bf2-bb1f-4d5a-a572-8bab1afa944d.m3u8
16:05:51.848 INFO : Content Matched: HTTP Live Streaming
16:05:51.850 INFO : Parsing streams...
16:05:51.852 WARN : Master List detected, try parse all streams
16:05:51.858 WARN : Writing meta json
16:05:51.868 INFO : Extracted, there are 4 streams, with 3 basic streams, 1 audio streams, 0 subtitle streams
16:05:51.870 INFO : Vid 2160x3840 | 2200 Kbps | 29.97 | avc1.4d4033 | SDR
16:05:51.872 INFO : Vid 2160x3840 | 1206 Kbps | 29.97 | avc1.4d4033 | SDR
16:05:51.874 INFO : Vid 2160x3840 | 710 Kbps | 29.97 | avc1.4d4033 | SDR
16:05:51.875 INFO : Aud program_audio_0 | Alternate Audio | eng
16:05:51.877 INFO : Parsing streams...
16:05:52.065 INFO : Selected streams:
16:05:52.067 INFO : Vid 2160x3840 | 2200 Kbps | 29.97 | avc1.4d4033 | SDR | 54 Segments | ~10m39s
16:05:52.070 INFO : Aud program_audio_0 | Alternate Audio | eng | 54 Segments | ~10m39s
16:05:52.072 WARN : Writing meta json
16:05:52.078 INFO : Save Name: 10mCoreStrengthStabilityPowermp4
16:05:52.084 INFO : Start downloading...Vid 2160x3840 | 2200 Kbps | 29.97 | avc1.4d4033 | SDR
16:05:52.086 WARN : fMP4 is detected, binary merging is automatically enabled
16:05:52.212 WARN : Reading media info...
16:05:52.480 INFO : [0x1]: Video, h264 (avc1), 2160x3840
16:06:01.662 WARN : 10mCoreStrengthStabilityPowermp4.mp4 => 10mCoreStrengthStabilityPowermp4.copy.mp4
16:06:01.666 INFO : Binary merging...
16:06:01.969 INFO : Start downloading...Aud program_audio_0 | Alternate Audio | eng
16:06:02.123 WARN : Reading media info...
16:06:02.472 INFO : [0x1]: Audio, aac (mp4a)
16:06:03.639 WARN : 10mCoreStrengthStabilityPowermp4.eng.m4a => 10mCoreStrengthStabilityPowermp4.eng.copy.m4a
16:06:03.645 INFO : Binary merging...
16:06:03.820 INFO : Done
