LOG 2024/05/04
Save Path: C:\Users\875497\Documents\tempo_downloader\Logs
Task Start: 2024/05/04 17:14:42
Task CommandLine: m4 https://production-trusted.s3.amazonaws.com/classes/2962394a-c054-4dcb-971f-29b5e9f714ec/2962394a-c054-4dcb-971f-29b5e9f714ec.m3u8 --auto-select --save-name 20mCoreStrengthPowermp4

17:14:42.602 INFO : N_m3u8DL-RE (Beta version) 20230628
17:14:42.613 EXTRA: ffmpeg => C:\ProgramData\chocolatey\bin\ffmpeg.exe
17:14:42.613 INFO : Loading URL: https://production-trusted.s3.amazonaws.com/classes/2962394a-c054-4dcb-971f-29b5e9f714ec/2962394a-c054-4dcb-971f-29b5e9f714ec.m3u8
17:14:42.970 INFO : Content Matched: HTTP Live Streaming
17:14:42.971 INFO : Parsing streams...
17:14:42.972 WARN : Master List detected, try parse all streams
17:14:42.974 WARN : Writing meta json
17:14:42.984 INFO : Extracted, there are 4 streams, with 3 basic streams, 1 audio streams, 0 subtitle streams
17:14:42.985 INFO : Vid 2160x3840 | 2215 Kbps | 29.97 | avc1.4d4033 | SDR
17:14:42.986 INFO : Vid 2160x3840 | 1214 Kbps | 29.97 | avc1.4d4033 | SDR
17:14:42.987 INFO : Vid 2160x3840 | 714 Kbps | 29.97 | avc1.4d4033 | SDR
17:14:42.988 INFO : Aud program_audio_0 | Alternate Audio | eng
17:14:42.988 INFO : Parsing streams...
17:14:43.197 INFO : Selected streams:
17:14:43.199 INFO : Vid 2160x3840 | 2215 Kbps | 29.97 | avc1.4d4033 | SDR | 95 Segments | ~18m51s
17:14:43.200 INFO : Aud program_audio_0 | Alternate Audio | eng | 95 Segments | ~18m51s
17:14:43.201 WARN : Writing meta json
17:14:43.203 INFO : Save Name: 20mCoreStrengthPowermp4
17:14:43.205 INFO : Start downloading...Vid 2160x3840 | 2215 Kbps | 29.97 | avc1.4d4033 | SDR
17:14:43.206 WARN : fMP4 is detected, binary merging is automatically enabled
17:14:43.428 WARN : Reading media info...
17:14:43.549 INFO : [0x1]: Video, h264 (avc1), 2160x3840
17:14:58.356 INFO : Binary merging...
17:14:58.567 INFO : Start downloading...Aud program_audio_0 | Alternate Audio | eng
17:14:58.731 WARN : Reading media info...
17:14:58.855 INFO : [0x1]: Audio, aac (mp4a)
17:15:01.050 INFO : Binary merging...
17:15:01.101 INFO : Done
