LOG 2024/05/04
Save Path: C:\Users\875497\Documents\tempo_downloader\Logs
Task Start: 2024/05/04 16:02:32
Task CommandLine: m4 https://production-trusted.s3.amazonaws.com/classes/198a7bf2-bb1f-4d5a-a572-8bab1afa944d/198a7bf2-bb1f-4d5a-a572-8bab1afa944d.m3u8 --auto-select --save-name 10mCoreStrengthStabilityPowermp4

16:02:32.245 INFO : N_m3u8DL-RE (Beta version) 20230628
16:02:32.256 EXTRA: ffmpeg => C:\ProgramData\chocolatey\bin\ffmpeg.exe
16:02:32.257 INFO : Loading URL: https://production-trusted.s3.amazonaws.com/classes/198a7bf2-bb1f-4d5a-a572-8bab1afa944d/198a7bf2-bb1f-4d5a-a572-8bab1afa944d.m3u8
16:02:32.630 INFO : Content Matched: HTTP Live Streaming
16:02:32.631 INFO : Parsing streams...
16:02:32.632 WARN : Master List detected, try parse all streams
16:02:32.636 WARN : Writing meta json
16:02:32.638 INFO : Extracted, there are 4 streams, with 3 basic streams, 1 audio streams, 0 subtitle streams
16:02:32.640 INFO : Vid 2160x3840 | 2200 Kbps | 29.97 | avc1.4d4033 | SDR
16:02:32.641 INFO : Vid 2160x3840 | 1206 Kbps | 29.97 | avc1.4d4033 | SDR
16:02:32.642 INFO : Vid 2160x3840 | 710 Kbps | 29.97 | avc1.4d4033 | SDR
16:02:32.643 INFO : Aud program_audio_0 | Alternate Audio | eng
16:02:32.644 INFO : Parsing streams...
16:02:32.827 INFO : Selected streams:
16:02:32.828 INFO : Vid 2160x3840 | 2200 Kbps | 29.97 | avc1.4d4033 | SDR | 54 Segments | ~10m39s
16:02:32.829 INFO : Aud program_audio_0 | Alternate Audio | eng | 54 Segments | ~10m39s
16:02:32.830 WARN : Writing meta json
16:02:32.840 INFO : Save Name: 10mCoreStrengthStabilityPowermp4
16:02:32.843 INFO : Start downloading...Vid 2160x3840 | 2200 Kbps | 29.97 | avc1.4d4033 | SDR
16:02:32.844 WARN : fMP4 is detected, binary merging is automatically enabled
16:02:32.980 WARN : Reading media info...
16:02:33.107 INFO : [0x1]: Video, h264 (avc1), 2160x3840
16:02:42.232 INFO : Binary merging...
16:02:42.351 INFO : Start downloading...Aud program_audio_0 | Alternate Audio | eng
16:02:42.453 WARN : Reading media info...
16:02:42.572 INFO : [0x1]: Audio, aac (mp4a)
16:02:43.813 INFO : Binary merging...
16:02:43.862 INFO : Done
