LOG 2024/05/04
Save Path: C:\Users\875497\Documents\tempo_downloader\Logs
Task Start: 2024/05/04 17:13:41
Task CommandLine: m4 https://production-trusted.s3.amazonaws.com/classes/198a7bf2-bb1f-4d5a-a572-8bab1afa944d/198a7bf2-bb1f-4d5a-a572-8bab1afa944d.m3u8 --auto-select --save-name 10mCoreStrengthStabilityPowermp4

17:13:41.823 INFO : N_m3u8DL-RE (Beta version) 20230628
17:13:41.833 EXTRA: ffmpeg => C:\ProgramData\chocolatey\bin\ffmpeg.exe
17:13:41.834 INFO : Loading URL: https://production-trusted.s3.amazonaws.com/classes/198a7bf2-bb1f-4d5a-a572-8bab1afa944d/198a7bf2-bb1f-4d5a-a572-8bab1afa944d.m3u8
17:13:42.297 INFO : Content Matched: HTTP Live Streaming
17:13:42.298 INFO : Parsing streams...
17:13:42.299 WARN : Master List detected, try parse all streams
17:13:42.303 WARN : Writing meta json
17:13:42.306 INFO : Extracted, there are 4 streams, with 3 basic streams, 1 audio streams, 0 subtitle streams
17:13:42.307 INFO : Vid 2160x3840 | 2200 Kbps | 29.97 | avc1.4d4033 | SDR
17:13:42.308 INFO : Vid 2160x3840 | 1206 Kbps | 29.97 | avc1.4d4033 | SDR
17:13:42.309 INFO : Vid 2160x3840 | 710 Kbps | 29.97 | avc1.4d4033 | SDR
17:13:42.309 INFO : Aud program_audio_0 | Alternate Audio | eng
17:13:42.310 INFO : Parsing streams...
17:13:42.481 INFO : Selected streams:
17:13:42.482 INFO : Vid 2160x3840 | 2200 Kbps | 29.97 | avc1.4d4033 | SDR | 54 Segments | ~10m39s
17:13:42.483 INFO : Aud program_audio_0 | Alternate Audio | eng | 54 Segments | ~10m39s
17:13:42.483 WARN : Writing meta json
17:13:42.485 INFO : Save Name: 10mCoreStrengthStabilityPowermp4
17:13:42.487 INFO : Start downloading...Vid 2160x3840 | 2200 Kbps | 29.97 | avc1.4d4033 | SDR
17:13:42.488 WARN : fMP4 is detected, binary merging is automatically enabled
17:13:42.579 WARN : Reading media info...
17:13:42.690 INFO : [0x1]: Video, h264 (avc1), 2160x3840
17:13:53.129 WARN : 10mCoreStrengthStabilityPowermp4.mp4 => 10mCoreStrengthStabilityPowermp4.copy.mp4
17:13:53.131 WARN : 10mCoreStrengthStabilityPowermp4.copy.mp4 => 10mCoreStrengthStabilityPowermp4.copy.copy.mp4
17:13:53.133 WARN : 10mCoreStrengthStabilityPowermp4.copy.copy.mp4 => 10mCoreStrengthStabilityPowermp4.copy.copy.copy.mp4
17:13:53.136 INFO : Binary merging...
17:13:53.253 INFO : Start downloading...Aud program_audio_0 | Alternate Audio | eng
17:13:53.353 WARN : Reading media info...
17:13:53.471 INFO : [0x1]: Audio, aac (mp4a)
17:13:54.632 WARN : 10mCoreStrengthStabilityPowermp4.eng.m4a => 10mCoreStrengthStabilityPowermp4.eng.copy.m4a
17:13:54.634 WARN : 10mCoreStrengthStabilityPowermp4.eng.copy.m4a => 10mCoreStrengthStabilityPowermp4.eng.copy.copy.m4a
17:13:54.635 WARN : 10mCoreStrengthStabilityPowermp4.eng.copy.copy.m4a => 10mCoreStrengthStabilityPowermp4.eng.copy.copy.copy.m4a
17:13:54.636 INFO : Binary merging...
17:13:54.673 INFO : Done
